<?xml version="1.0" encoding="UTF-8"?>
<testsuite name="CrossbodyBagTest" tests="3" skipped="0" failures="0" errors="0" timestamp="2022-09-18T19:32:59" hostname="Emmas-MacBook-Pro-2.local" time="0.054">
  <properties/>
  <testcase name="TestToString" classname="CrossbodyBagTest" time="0.05"/>
  <testcase name="TestEnhance" classname="CrossbodyBagTest" time="0.002"/>
  <testcase name="TestGetNumberOfStraps" classname="CrossbodyBagTest" time="0.0"/>
  <system-out><![CDATA[]]></system-out>
  <system-err><![CDATA[]]></system-err>
</testsuite>
